<?xml version="1.0" encoding="UTF-8"?>
<!-- Generated by org.testng.reporters.JUnitXMLReporter -->
<testsuite ignored="0" hostname="SHISHIR" failures="0" tests="4" name="Test" time="293.357" errors="0" timestamp="2023-11-27T15:52:04 BDT">
  <testcase classname="campusConnect.testcases.PreI20Test" name="preI20ProductAddToCartTest" time="33.939"/>
  <testcase classname="campusConnect.testcases.postI20Test" name="postI20ProductAddToCartTest" time="32.542"/>
  <testcase classname="campusConnect.testcases.VisaAssistanceTest" name="visaAssistanceProductAddToCartTest" time="31.188"/>
  <testcase classname="campusConnect.testcases.StrategyTest" name="strategyProductAddToCartTest" time="30.76"/>
</testsuite> <!-- Test -->
